<?xml version="1.0" encoding="UTF-8"?>
<!-- Generated by org.testng.reporters.JUnitReportReporter -->
<testsuite hostname="LAPTOP-A5HHE1BP" failures="0" tests="4" name="com.spotify.tests.PlaylistTest" time="165.792" errors="0" timestamp="2023-08-19T11:21:51 IST" skipped="0">
  <testcase classname="com.spotify.tests.PlaylistTest" name="createPlayList" time="55.193"/>
  <system-out/>
  <testcase classname="com.spotify.tests.PlaylistTest" name="getPlayList" time="44.656"/>
  <system-out/>
  <testcase classname="com.spotify.tests.PlaylistTest" name="ChangeUserPlayList" time="44.469"/>
  <system-out/>
  <testcase classname="com.spotify.tests.PlaylistTest" name="shouldNotBeAbleToCreatePlayList" time="21.474"/>
  <system-out/>
</testsuite> <!-- com.spotify.tests.PlaylistTest -->
